<?xml version="1.0" encoding="UTF-8"?>
<!-- Generated by org.testng.reporters.JUnitReportReporter -->
<testsuite skipped="0" hostname="CBT-MH-000" name="net.AutomationPHP.AutomationPHP.Log_In" tests="1" failures="0" timestamp="30 Oct 2019 09:21:26 GMT" time="12.286" errors="0">
  <testcase name="LogIn" time="12.286" classname="net.AutomationPHP.AutomationPHP.Log_In"/>
</testsuite> <!-- net.AutomationPHP.AutomationPHP.Log_In -->
