<?xml version="1.0" encoding="UTF-8"?>
<!-- Generated by org.testng.reporters.JUnitReportReporter -->
<testsuite skipped="0" hostname="CBT-MH-000" name="net.AutomationPHP.AutomationPHP.Hotel_Search" tests="1" failures="0" timestamp="31 Oct 2019 06:32:54 GMT" time="42.862" errors="0">
  <testcase name="HotelSearch" time="42.862" classname="net.AutomationPHP.AutomationPHP.Hotel_Search"/>
</testsuite> <!-- net.AutomationPHP.AutomationPHP.Hotel_Search -->
