<?xml version="1.0" encoding="UTF-8"?>
<!-- Generated by org.testng.reporters.JUnitReportReporter -->
<testsuite skipped="0" hostname="CBT-MH-000" name="net.AutomationPHP.AutomationPHP.Tours_Search" tests="1" failures="0" timestamp="31 Oct 2019 04:51:00 GMT" time="30.039" errors="0">
  <testcase name="ToursSearch" time="30.039" classname="net.AutomationPHP.AutomationPHP.Tours_Search"/>
</testsuite> <!-- net.AutomationPHP.AutomationPHP.Tours_Search -->
